

Microchip MPLAB XC8 Assembler V2.20 build 20200408173844 
                                                                                               Fri Jun 26 15:38:14 2020

Microchip MPLAB XC8 C Compiler v2.20 (Free license) build 20200408173844 Og1 
     1                           	processor	16F18446
     2                           	pagewidth 120
     3                           	opt	flic
     4                           	psect	cinit,global,class=CODE,merge=1,delta=2
     5                           	psect	cstackCOMMON,global,class=COMMON,space=1,delta=1,noexec
     6                           	psect	cstackBANK0,global,class=BANK0,space=1,delta=1,noexec
     7                           	psect	maintext,global,class=CODE,merge=1,split=1,delta=2
     8                           	psect	text1,local,class=CODE,merge=1,delta=2
     9                           	psect	config,global,abs,ovrld,class=CONFIG,space=4,delta=2,noexec
    10                           	dabs	1,0x7E,2
    11  0000                     
    12                           ; Version 2.20
    13                           ; Generated 09/04/2020 GMT
    14                           ; 
    15                           ; Copyright © 2020, Microchip Technology Inc. and its subsidiaries ("Microchip")
    16                           ; All rights reserved.
    17                           ; 
    18                           ; This software is developed by Microchip Technology Inc. and its subsidiaries ("Microch
      +                          ip").
    19                           ; 
    20                           ; Redistribution and use in source and binary forms, with or without modification, are
    21                           ; permitted provided that the following conditions are met:
    22                           ; 
    23                           ;     1. Redistributions of source code must retain the above copyright notice, this lis
      +                          t of
    24                           ;        conditions and the following disclaimer.
    25                           ; 
    26                           ;     2. Redistributions in binary form must reproduce the above copyright notice, this 
      +                          list
    27                           ;        of conditions and the following disclaimer in the documentation and/or other
    28                           ;        materials provided with the distribution.
    29                           ; 
    30                           ;     3. Microchip's name may not be used to endorse or promote products derived from th
      +                          is
    31                           ;        software without specific prior written permission.
    32                           ; 
    33                           ; THIS SOFTWARE IS PROVIDED BY MICROCHIP "AS IS" AND ANY EXPRESS OR IMPLIED WARRANTIES,
    34                           ; INCLUDING, BUT NOT LIMITED TO, THE IMPLIED WARRANTIES OF MERCHANTABILITY AND FITNESS F
      +                          OR
    35                           ; PURPOSE ARE DISCLAIMED.  IN NO EVENT SHALL MICROCHIP BE LIABLE FOR ANY DIRECT, INDIREC
      +                          T,
    36                           ; INCIDENTAL, SPECIAL, EXEMPLARY, OR CONSEQUENTIAL DAMAGES (INCLUDING BUT NOT LIMITED TO
    37                           ; PROCUREMENT OF SUBSTITUTE GOODS OR SERVICES; LOSS OF USE, DATA OR PROFITS; OR BUSINESS
    38                           ; INTERRUPTION) HOWSOEVER CAUSED AND ON ANY THEORY OF LIABILITY, WHETHER IN CONTRACT, ST
      +                          RICT
    39                           ; LIABILITY, OR TORT (INCLUDING NEGLIGENCE OR OTHERWISE) ARISING IN ANY WAY OUT OF THE U
      +                          SE OF
    40                           ; THIS SOFTWARE, EVEN IF ADVISED OF THE POSSIBILITY OF SUCH DAMAGE.
    41                           ; 
    42                           ; 
    43                           ; Code-generator required, PIC16F18446 Definitions
    44                           ; 
    45                           ; SFR Addresses
    46  0000                     	;# 
    47  0001                     	;# 
    48  0002                     	;# 
    49  0003                     	;# 
    50  0004                     	;# 
    51  0005                     	;# 
    52  0006                     	;# 
    53  0007                     	;# 
    54  0008                     	;# 
    55  0009                     	;# 
    56  000A                     	;# 
    57  000B                     	;# 
    58  000C                     	;# 
    59  000D                     	;# 
    60  000E                     	;# 
    61  0012                     	;# 
    62  0013                     	;# 
    63  0014                     	;# 
    64  0018                     	;# 
    65  0019                     	;# 
    66  001A                     	;# 
    67  008C                     	;# 
    68  008C                     	;# 
    69  008D                     	;# 
    70  008E                     	;# 
    71  008E                     	;# 
    72  008F                     	;# 
    73  0090                     	;# 
    74  0090                     	;# 
    75  0091                     	;# 
    76  0092                     	;# 
    77  0092                     	;# 
    78  0093                     	;# 
    79  0094                     	;# 
    80  0094                     	;# 
    81  0095                     	;# 
    82  0096                     	;# 
    83  0096                     	;# 
    84  0097                     	;# 
    85  0098                     	;# 
    86  0099                     	;# 
    87  009A                     	;# 
    88  009B                     	;# 
    89  009B                     	;# 
    90  009C                     	;# 
    91  009D                     	;# 
    92  009D                     	;# 
    93  009E                     	;# 
    94  009F                     	;# 
    95  010C                     	;# 
    96  010C                     	;# 
    97  010D                     	;# 
    98  010E                     	;# 
    99  010F                     	;# 
   100  010F                     	;# 
   101  0110                     	;# 
   102  0111                     	;# 
   103  0112                     	;# 
   104  0113                     	;# 
   105  0114                     	;# 
   106  0115                     	;# 
   107  0116                     	;# 
   108  0117                     	;# 
   109  0118                     	;# 
   110  0119                     	;# 
   111  0119                     	;# 
   112  0119                     	;# 
   113  011A                     	;# 
   114  011A                     	;# 
   115  011A                     	;# 
   116  011B                     	;# 
   117  011B                     	;# 
   118  011B                     	;# 
   119  011B                     	;# 
   120  011B                     	;# 
   121  011C                     	;# 
   122  011C                     	;# 
   123  011C                     	;# 
   124  011D                     	;# 
   125  011D                     	;# 
   126  011D                     	;# 
   127  011E                     	;# 
   128  011E                     	;# 
   129  011E                     	;# 
   130  011F                     	;# 
   131  011F                     	;# 
   132  011F                     	;# 
   133  011F                     	;# 
   134  011F                     	;# 
   135  018C                     	;# 
   136  018D                     	;# 
   137  018E                     	;# 
   138  018F                     	;# 
   139  0190                     	;# 
   140  0191                     	;# 
   141  0192                     	;# 
   142  0196                     	;# 
   143  0197                     	;# 
   144  0198                     	;# 
   145  0199                     	;# 
   146  019A                     	;# 
   147  019B                     	;# 
   148  019C                     	;# 
   149  020C                     	;# 
   150  020D                     	;# 
   151  020E                     	;# 
   152  020E                     	;# 
   153  020F                     	;# 
   154  020F                     	;# 
   155  0210                     	;# 
   156  0210                     	;# 
   157  0211                     	;# 
   158  0211                     	;# 
   159  0212                     	;# 
   160  0213                     	;# 
   161  0214                     	;# 
   162  0214                     	;# 
   163  0215                     	;# 
   164  0215                     	;# 
   165  0216                     	;# 
   166  0216                     	;# 
   167  0217                     	;# 
   168  0217                     	;# 
   169  0218                     	;# 
   170  0219                     	;# 
   171  021A                     	;# 
   172  021A                     	;# 
   173  021B                     	;# 
   174  021B                     	;# 
   175  021C                     	;# 
   176  021C                     	;# 
   177  021D                     	;# 
   178  021D                     	;# 
   179  021E                     	;# 
   180  021F                     	;# 
   181  028C                     	;# 
   182  028C                     	;# 
   183  028D                     	;# 
   184  028D                     	;# 
   185  028E                     	;# 
   186  028F                     	;# 
   187  0290                     	;# 
   188  0291                     	;# 
   189  0292                     	;# 
   190  0292                     	;# 
   191  0293                     	;# 
   192  0293                     	;# 
   193  0294                     	;# 
   194  0295                     	;# 
   195  0296                     	;# 
   196  0297                     	;# 
   197  0298                     	;# 
   198  0298                     	;# 
   199  0299                     	;# 
   200  0299                     	;# 
   201  029A                     	;# 
   202  029B                     	;# 
   203  029C                     	;# 
   204  029D                     	;# 
   205  029F                     	;# 
   206  030C                     	;# 
   207  030C                     	;# 
   208  030D                     	;# 
   209  030E                     	;# 
   210  030F                     	;# 
   211  0310                     	;# 
   212  0310                     	;# 
   213  0311                     	;# 
   214  0312                     	;# 
   215  0313                     	;# 
   216  0314                     	;# 
   217  0314                     	;# 
   218  0315                     	;# 
   219  0316                     	;# 
   220  0317                     	;# 
   221  0318                     	;# 
   222  0318                     	;# 
   223  0319                     	;# 
   224  031A                     	;# 
   225  031B                     	;# 
   226  038C                     	;# 
   227  038C                     	;# 
   228  038D                     	;# 
   229  038E                     	;# 
   230  0390                     	;# 
   231  0390                     	;# 
   232  0391                     	;# 
   233  0392                     	;# 
   234  048C                     	;# 
   235  048C                     	;# 
   236  048D                     	;# 
   237  048E                     	;# 
   238  048F                     	;# 
   239  048F                     	;# 
   240  0490                     	;# 
   241  0491                     	;# 
   242  0492                     	;# 
   243  0492                     	;# 
   244  0493                     	;# 
   245  0494                     	;# 
   246  0495                     	;# 
   247  0495                     	;# 
   248  0496                     	;# 
   249  0497                     	;# 
   250  0498                     	;# 
   251  0499                     	;# 
   252  049A                     	;# 
   253  049B                     	;# 
   254  049C                     	;# 
   255  049D                     	;# 
   256  058C                     	;# 
   257  058C                     	;# 
   258  058D                     	;# 
   259  058E                     	;# 
   260  058F                     	;# 
   261  058F                     	;# 
   262  0590                     	;# 
   263  0591                     	;# 
   264  0592                     	;# 
   265  0593                     	;# 
   266  059C                     	;# 
   267  059C                     	;# 
   268  059D                     	;# 
   269  059D                     	;# 
   270  059E                     	;# 
   271  059F                     	;# 
   272  060C                     	;# 
   273  060C                     	;# 
   274  060D                     	;# 
   275  060D                     	;# 
   276  060E                     	;# 
   277  060F                     	;# 
   278  0610                     	;# 
   279  0611                     	;# 
   280  0612                     	;# 
   281  0613                     	;# 
   282  0614                     	;# 
   283  0616                     	;# 
   284  0616                     	;# 
   285  0617                     	;# 
   286  0617                     	;# 
   287  0618                     	;# 
   288  0619                     	;# 
   289  061A                     	;# 
   290  061B                     	;# 
   291  061C                     	;# 
   292  061D                     	;# 
   293  061E                     	;# 
   294  070C                     	;# 
   295  070D                     	;# 
   296  070E                     	;# 
   297  070F                     	;# 
   298  0710                     	;# 
   299  0711                     	;# 
   300  0712                     	;# 
   301  0713                     	;# 
   302  0714                     	;# 
   303  0716                     	;# 
   304  0717                     	;# 
   305  0718                     	;# 
   306  0719                     	;# 
   307  071A                     	;# 
   308  071B                     	;# 
   309  071C                     	;# 
   310  071D                     	;# 
   311  071E                     	;# 
   312  0796                     	;# 
   313  0797                     	;# 
   314  0798                     	;# 
   315  0799                     	;# 
   316  079A                     	;# 
   317  079B                     	;# 
   318  079C                     	;# 
   319  079D                     	;# 
   320  080C                     	;# 
   321  080D                     	;# 
   322  080E                     	;# 
   323  080F                     	;# 
   324  0810                     	;# 
   325  0811                     	;# 
   326  0812                     	;# 
   327  0813                     	;# 
   328  0814                     	;# 
   329  081A                     	;# 
   330  081A                     	;# 
   331  081B                     	;# 
   332  081C                     	;# 
   333  081C                     	;# 
   334  081D                     	;# 
   335  081E                     	;# 
   336  081F                     	;# 
   337  088C                     	;# 
   338  088D                     	;# 
   339  088E                     	;# 
   340  088F                     	;# 
   341  0890                     	;# 
   342  0891                     	;# 
   343  0892                     	;# 
   344  0893                     	;# 
   345  0895                     	;# 
   346  0896                     	;# 
   347  0897                     	;# 
   348  0898                     	;# 
   349  0899                     	;# 
   350  089A                     	;# 
   351  089B                     	;# 
   352  090C                     	;# 
   353  090E                     	;# 
   354  090F                     	;# 
   355  091F                     	;# 
   356  098F                     	;# 
   357  098F                     	;# 
   358  0990                     	;# 
   359  0991                     	;# 
   360  0992                     	;# 
   361  0993                     	;# 
   362  0994                     	;# 
   363  0995                     	;# 
   364  0996                     	;# 
   365  0997                     	;# 
   366  1E0F                     	;# 
   367  1E10                     	;# 
   368  1E11                     	;# 
   369  1E12                     	;# 
   370  1E13                     	;# 
   371  1E14                     	;# 
   372  1E15                     	;# 
   373  1E16                     	;# 
   374  1E17                     	;# 
   375  1E18                     	;# 
   376  1E19                     	;# 
   377  1E1A                     	;# 
   378  1E1B                     	;# 
   379  1E1C                     	;# 
   380  1E1D                     	;# 
   381  1E1E                     	;# 
   382  1E1F                     	;# 
   383  1E20                     	;# 
   384  1E21                     	;# 
   385  1E22                     	;# 
   386  1E23                     	;# 
   387  1E24                     	;# 
   388  1E25                     	;# 
   389  1E26                     	;# 
   390  1E27                     	;# 
   391  1E28                     	;# 
   392  1E29                     	;# 
   393  1E2A                     	;# 
   394  1E2B                     	;# 
   395  1E2C                     	;# 
   396  1E2D                     	;# 
   397  1E2E                     	;# 
   398  1E2F                     	;# 
   399  1E30                     	;# 
   400  1E31                     	;# 
   401  1E32                     	;# 
   402  1E33                     	;# 
   403  1E34                     	;# 
   404  1E35                     	;# 
   405  1E36                     	;# 
   406  1E37                     	;# 
   407  1E8F                     	;# 
   408  1E90                     	;# 
   409  1E91                     	;# 
   410  1E92                     	;# 
   411  1E93                     	;# 
   412  1E94                     	;# 
   413  1E95                     	;# 
   414  1E96                     	;# 
   415  1E97                     	;# 
   416  1E9C                     	;# 
   417  1E9D                     	;# 
   418  1E9E                     	;# 
   419  1EA1                     	;# 
   420  1EA2                     	;# 
   421  1EA3                     	;# 
   422  1EA4                     	;# 
   423  1EA9                     	;# 
   424  1EAA                     	;# 
   425  1EB1                     	;# 
   426  1EB2                     	;# 
   427  1EB8                     	;# 
   428  1EB9                     	;# 
   429  1EBA                     	;# 
   430  1EBB                     	;# 
   431  1EBC                     	;# 
   432  1EBD                     	;# 
   433  1EBE                     	;# 
   434  1EC3                     	;# 
   435  1EC5                     	;# 
   436  1EC6                     	;# 
   437  1EC7                     	;# 
   438  1EC8                     	;# 
   439  1EC9                     	;# 
   440  1ECA                     	;# 
   441  1ECB                     	;# 
   442  1ECB                     	;# 
   443  1ECB                     	;# 
   444  1ECC                     	;# 
   445  1ECC                     	;# 
   446  1ECC                     	;# 
   447  1F10                     	;# 
   448  1F11                     	;# 
   449  1F12                     	;# 
   450  1F14                     	;# 
   451  1F15                     	;# 
   452  1F1C                     	;# 
   453  1F1D                     	;# 
   454  1F1E                     	;# 
   455  1F1F                     	;# 
   456  1F20                     	;# 
   457  1F21                     	;# 
   458  1F22                     	;# 
   459  1F23                     	;# 
   460  1F24                     	;# 
   461  1F25                     	;# 
   462  1F26                     	;# 
   463  1F27                     	;# 
   464  1F38                     	;# 
   465  1F39                     	;# 
   466  1F3A                     	;# 
   467  1F3B                     	;# 
   468  1F3C                     	;# 
   469  1F3D                     	;# 
   470  1F3E                     	;# 
   471  1F3F                     	;# 
   472  1F43                     	;# 
   473  1F44                     	;# 
   474  1F45                     	;# 
   475  1F46                     	;# 
   476  1F47                     	;# 
   477  1F48                     	;# 
   478  1F49                     	;# 
   479  1F4A                     	;# 
   480  1F4E                     	;# 
   481  1F4F                     	;# 
   482  1F50                     	;# 
   483  1F51                     	;# 
   484  1F52                     	;# 
   485  1F53                     	;# 
   486  1F54                     	;# 
   487  1F55                     	;# 
   488  1FE4                     	;# 
   489  1FE5                     	;# 
   490  1FE6                     	;# 
   491  1FE7                     	;# 
   492  1FE8                     	;# 
   493  1FE8                     	;# 
   494  1FE9                     	;# 
   495  1FEA                     	;# 
   496  1FEB                     	;# 
   497  1FED                     	;# 
   498  1FEE                     	;# 
   499  1FEF                     	;# 
   500                           
   501                           	psect	cinit
   502  07FD                     start_initialization:	
   503                           ; #config settings
   504                           
   505  07FD                     __initialization:
   506  07FD                     end_of_initialization:	
   507                           ;End of C runtime variable initialization code
   508                           
   509  07FD                     __end_of__initialization:
   510  07FD  0140               	movlb	0
   511  07FE  3187  2FC8         	ljmp	_main	;jump to C main() function
   512                           
   513                           	psect	cstackCOMMON
   514  0070                     __pcstackCOMMON:
   515  0070                     ?_add:
   516  0070                     add@a:	
   517                           ; 2 bytes @ 0x0
   518                           
   519                           
   520                           ; 2 bytes @ 0x0
   521  0070                     	ds	2
   522  0072                     add@b:
   523                           
   524                           ; 2 bytes @ 0x2
   525  0072                     	ds	2
   526  0074                     ??_add:
   527  0074                     add@c:	
   528                           ; 1 bytes @ 0x4
   529                           
   530                           
   531                           ; 2 bytes @ 0x4
   532  0074                     	ds	2
   533  0076                     ?_main:
   534  0076                     main@argc:	
   535                           ; 2 bytes @ 0x6
   536                           
   537                           
   538                           ; 2 bytes @ 0x6
   539  0076                     	ds	2
   540  0078                     main@argv:
   541                           
   542                           ; 2 bytes @ 0x8
   543  0078                     	ds	2
   544  007A                     ??_main:
   545                           
   546                           ; 1 bytes @ 0xA
   547  007A                     	ds	1
   548                           
   549                           	psect	cstackBANK0
   550  0020                     __pcstackBANK0:
   551  0020                     	ds	2
   552  0022                     main@e:
   553                           
   554                           ; 2 bytes @ 0x2
   555  0022                     	ds	2
   556  0024                     main@p:
   557                           
   558                           ; 2 bytes @ 0x4
   559  0024                     	ds	2
   560  0026                     main@f:
   561                           
   562                           ; 2 bytes @ 0x6
   563  0026                     	ds	2
   564                           
   565                           	psect	maintext
   566  07C8                     __pmaintext:	
   567 ;;
   568 ;;Main: autosize = 0, tempsize = 1, incstack = 0, save=0
   569 ;;
   570 ;; *************** function _main *****************
   571 ;; Defined at:
   572 ;;		line 18 in file "SourceFiles/newmain.c"
   573 ;; Parameters:    Size  Location     Type
   574 ;;  argc            2    6[COMMON] int 
   575 ;;  argv            2    8[COMMON] PTR PTR unsigned char 
   576 ;; Auto vars:     Size  Location     Type
   577 ;;  p               2    4[BANK0 ] int 
   578 ;;  f               2    6[BANK0 ] int 
   579 ;;  e               2    2[BANK0 ] int 
   580 ;;  d               2    0        int 
   581 ;; Return value:  Size  Location     Type
   582 ;;                  2    6[COMMON] int 
   583 ;; Registers used:
   584 ;;		wreg, status,2, status,0, pclath, cstack
   585 ;; Tracked objects:
   586 ;;		On entry : B3F/0
   587 ;;		On exit  : 0/0
   588 ;;		Unchanged: 0/0
   589 ;; Data sizes:     COMMON   BANK0   BANK1   BANK2   BANK3   BANK4   BANK5   BANK6   BANK7   BANK8   BANK9  BANK10  BANK1
      +1  BANK12  BANK13  BANK14  BANK15  BANK16  BANK17  BANK18  BANK19  BANK20  BANK21  BANK22  BANK23  BANK24  BANK25
   590 ;;      Params:         4       0       0       0       0       0       0       0       0       0       0       0       
      +0       0       0       0       0       0       0       0       0       0       0       0       0       0       0
   591 ;;      Locals:         0       8       0       0       0       0       0       0       0       0       0       0       
      +0       0       0       0       0       0       0       0       0       0       0       0       0       0       0
   592 ;;      Temps:          1       0       0       0       0       0       0       0       0       0       0       0       
      +0       0       0       0       0       0       0       0       0       0       0       0       0       0       0
   593 ;;      Totals:         5       8       0       0       0       0       0       0       0       0       0       0       
      +0       0       0       0       0       0       0       0       0       0       0       0       0       0       0
   594 ;;Total ram usage:       13 bytes
   595 ;; Hardware stack levels required when called:    1
   596 ;; This function calls:
   597 ;;		_add
   598 ;; This function is called by:
   599 ;;		Startup code after reset
   600 ;; This function uses a non-reentrant model
   601 ;;
   602                           
   603                           
   604                           ;psect for function _main
   605  07C8                     _main:
   606  07C8                     l658:	
   607                           ;incstack = 0
   608                           ; Regs used in _main: [wreg+status,2+status,0+pclath+cstack]
   609                           
   610                           
   611                           ;SourceFiles/newmain.c: 20:     return c;
   612  07C8  300F               	movlw	15
   613  07C9  0140               	movlb	0	; select bank0
   614  07CA  00A2               	movwf	main@e
   615  07CB  3000               	movlw	0
   616  07CC  00A3               	movwf	main@e+1
   617  07CD                     l660:
   618  07CD                     l662:
   619  07CD  300C               	movlw	12
   620  07CE  00F0               	movwf	add@a
   621  07CF  3000               	movlw	0
   622  07D0  00F1               	movwf	add@a+1
   623  07D1  300F               	movlw	15
   624  07D2  00F2               	movwf	add@b
   625  07D3  3000               	movlw	0
   626  07D4  00F3               	movwf	add@b+1
   627  07D5  3187  27BD  3187   	fcall	_add
   628  07D8  0871               	movf	?_add+1,w
   629  07D9  0140               	movlb	0	; select bank0
   630  07DA  00A7               	movwf	main@f+1
   631  07DB  0870               	movf	?_add,w
   632  07DC  00A6               	movwf	main@f
   633  07DD                     l664:
   634  07DD  3526               	lslf	main@f,w
   635  07DE  00A6               	movwf	main@f
   636  07DF  0D27               	rlf	main@f+1,w
   637  07E0  00A7               	movwf	main@f+1
   638  07E1                     l666:
   639  07E1  01A4               	clrf	main@p
   640  07E2  01A5               	clrf	main@p+1
   641  07E3                     l672:
   642  07E3  0140               	movlb	0	; select bank0
   643  07E4  0826               	movf	main@f,w
   644  07E5  3E01               	addlw	1
   645  07E6  00A6               	movwf	main@f
   646  07E7  3000               	movlw	0
   647  07E8  3D27               	addwfc	main@f+1,w
   648  07E9  00A7               	movwf	main@f+1
   649  07EA                     l674:
   650  07EA  3001               	movlw	1
   651  07EB  07A4               	addwf	main@p,f
   652  07EC  3000               	movlw	0
   653  07ED  3DA5               	addwfc	main@p+1,f
   654  07EE                     l676:
   655  07EE  0825               	movf	main@p+1,w
   656  07EF  3A80               	xorlw	128
   657  07F0  00FA               	movwf	??_main
   658  07F1  3080               	movlw	128
   659  07F2  027A               	subwf	??_main,w
   660  07F3  1D03               	skipz
   661  07F4  2FF7               	goto	u25
   662  07F5  300A               	movlw	10
   663  07F6  0224               	subwf	main@p,w
   664  07F7                     u25:
   665  07F7  1C03               	skipc
   666  07F8  2FFA               	goto	u21
   667  07F9  2FFB               	goto	u20
   668  07FA                     u21:
   669  07FA  2FE3               	goto	l672
   670  07FB                     u20:
   671  07FB                     l9:
   672  07FB  3180  2802         	ljmp	start
   673  07FD                     __end_of_main:
   674                           
   675                           	psect	text1
   676  07BD                     __ptext1:	
   677 ;; *************** function _add *****************
   678 ;; Defined at:
   679 ;;		line 30 in file "SourceFiles/newmain.c"
   680 ;; Parameters:    Size  Location     Type
   681 ;;  a               2    0[COMMON] int 
   682 ;;  b               2    2[COMMON] int 
   683 ;; Auto vars:     Size  Location     Type
   684 ;;  c               2    4[COMMON] int 
   685 ;; Return value:  Size  Location     Type
   686 ;;                  2    0[COMMON] int 
   687 ;; Registers used:
   688 ;;		wreg, status,2, status,0
   689 ;; Tracked objects:
   690 ;;		On entry : 0/0
   691 ;;		On exit  : 0/0
   692 ;;		Unchanged: 0/0
   693 ;; Data sizes:     COMMON   BANK0   BANK1   BANK2   BANK3   BANK4   BANK5   BANK6   BANK7   BANK8   BANK9  BANK10  BANK1
      +1  BANK12  BANK13  BANK14  BANK15  BANK16  BANK17  BANK18  BANK19  BANK20  BANK21  BANK22  BANK23  BANK24  BANK25
   694 ;;      Params:         4       0       0       0       0       0       0       0       0       0       0       0       
      +0       0       0       0       0       0       0       0       0       0       0       0       0       0       0
   695 ;;      Locals:         2       0       0       0       0       0       0       0       0       0       0       0       
      +0       0       0       0       0       0       0       0       0       0       0       0       0       0       0
   696 ;;      Temps:          0       0       0       0       0       0       0       0       0       0       0       0       
      +0       0       0       0       0       0       0       0       0       0       0       0       0       0       0
   697 ;;      Totals:         6       0       0       0       0       0       0       0       0       0       0       0       
      +0       0       0       0       0       0       0       0       0       0       0       0       0       0       0
   698 ;;Total ram usage:        6 bytes
   699 ;; Hardware stack levels used:    1
   700 ;; This function calls:
   701 ;;		Nothing
   702 ;; This function is called by:
   703 ;;		_main
   704 ;; This function uses a non-reentrant model
   705 ;;
   706                           
   707                           
   708                           ;psect for function _add
   709  07BD                     _add:
   710  07BD                     l650:	
   711                           ;incstack = 0
   712                           ; Regs used in _add: [wreg+status,2+status,0]
   713                           
   714  07BD                     l652:
   715  07BD  0872               	movf	add@b,w
   716  07BE  0770               	addwf	add@a,w
   717  07BF  00F4               	movwf	add@c
   718  07C0  0873               	movf	add@b+1,w
   719  07C1  3D71               	addwfc	add@a+1,w
   720  07C2  00F5               	movwf	add@c+1
   721  07C3                     l654:
   722  07C3  0875               	movf	add@c+1,w
   723  07C4  00F1               	movwf	?_add+1
   724  07C5  0874               	movf	add@c,w
   725  07C6  00F0               	movwf	?_add
   726  07C7                     l12:
   727  07C7  0008               	return
   728  07C8                     __end_of_add:
   729  007E                     btemp	set	126	;btemp
   730  007E                     wtemp0	set	126
   731                           
   732                           	psect	config
   733                           
   734                           ;Config register CONFIG3 @ 0x8009
   735                           ;	WDT Period Select bits
   736                           ;	WDTCPS = 0x1F, unprogrammed default
   737                           ;	WDT operating mode
   738                           ;	WDTE = OFF, WDT Disabled, SWDTEN is ignored
   739                           ;	WDT Window Select bits
   740                           ;	WDTCWS = 0x7, unprogrammed default
   741                           ;	WDT input clock selector
   742                           ;	WDTCCS = 0x7, unprogrammed default
   743  8009                     	org	32777
   744  8009  3F9F               	dw	16287

Data Sizes:
    Strings     0
    Constant    0
    Data        0
    BSS         0
    Persistent  32
    Stack       0

Auto Spaces:
    Space          Size  Autos    Used
    COMMON           14     11      11
    BANK0            80      8       8
    BANK1            80      0       0
    BANK2            80      0       0
    BANK3            80      0       0
    BANK4            80      0       0
    BANK5            80      0       0
    BANK6            80      0       0
    BANK7            80      0       0
    BANK8            80      0       0
    BANK9            80      0       0
    BANK10           80      0       0
    BANK11           80      0       0
    BANK12           80      0       0
    BANK13           80      0       0
    BANK14           80      0       0
    BANK15           80      0       0
    BANK16           80      0       0
    BANK17           80      0       0
    BANK18           80      0       0
    BANK19           80      0       0
    BANK20           80      0       0
    BANK21           80      0       0
    BANK22           80      0       0
    BANK23           80      0       0
    BANK24           80      0       0
    BANK25           32      0       0

Pointer List with Targets:

    None.

Critical Paths under _main in COMMON

    _main->_add

Critical Paths under _main in BANK0

    None.

Critical Paths under _main in BANK1

    None.

Critical Paths under _main in BANK2

    None.

Critical Paths under _main in BANK3

    None.

Critical Paths under _main in BANK4

    None.

Critical Paths under _main in BANK5

    None.

Critical Paths under _main in BANK6

    None.

Critical Paths under _main in BANK7

    None.

Critical Paths under _main in BANK8

    None.

Critical Paths under _main in BANK9

    None.

Critical Paths under _main in BANK10

    None.

Critical Paths under _main in BANK11

    None.

Critical Paths under _main in BANK12

    None.

Critical Paths under _main in BANK13

    None.

Critical Paths under _main in BANK14

    None.

Critical Paths under _main in BANK15

    None.

Critical Paths under _main in BANK16

    None.

Critical Paths under _main in BANK17

    None.

Critical Paths under _main in BANK18

    None.

Critical Paths under _main in BANK19

    None.

Critical Paths under _main in BANK20

    None.

Critical Paths under _main in BANK21

    None.

Critical Paths under _main in BANK22

    None.

Critical Paths under _main in BANK23

    None.

Critical Paths under _main in BANK24

    None.

Critical Paths under _main in BANK25

    None.

Call Graph Tables:

 ---------------------------------------------------------------------------------
 (Depth) Function   	        Calls       Base Space   Used Autos Params    Refs
 ---------------------------------------------------------------------------------
 (0) _main                                                13     9      4     360
                                              6 COMMON     5     1      4
                                              0 BANK0      8     8      0
                                _add
 ---------------------------------------------------------------------------------
 (1) _add                                                  6     2      4     220
                                              0 COMMON     6     2      4
 ---------------------------------------------------------------------------------
 Estimated maximum stack depth 1
 ---------------------------------------------------------------------------------

 Call Graph Graphs:

 _main (ROOT)
   _add

 Address spaces:
Name               Size   Autos  Total    Cost      Usage
BIGRAM             7F0      0       0       0        0.0%
EEDATA             100      0       0       0        0.0%
NULL                 0      0       0       0        0.0%
CODE                 0      0       0       0        0.0%
BITCOMMON            E      0       0       1        0.0%
BITSFR0              0      0       0       1        0.0%
SFR0                 0      0       0       1        0.0%
COMMON               E      B       B       2       78.6%
BITSFR1              0      0       0       2        0.0%
SFR1                 0      0       0       2        0.0%
BITSFR2              0      0       0       3        0.0%
SFR2                 0      0       0       3        0.0%
STACK                0      0       0       3        0.0%
BITBANK0            50      0       0       4        0.0%
BITSFR3              0      0       0       4        0.0%
SFR3                 0      0       0       4        0.0%
BANK0               50      8       8       5       10.0%
BITSFR4              0      0       0       5        0.0%
SFR4                 0      0       0       5        0.0%
BITSFR5              0      0       0       6        0.0%
SFR5                 0      0       0       6        0.0%
ABS                  0      0       0       6        0.0%
BITBANK1            50      0       0       7        0.0%
BITSFR6              0      0       0       7        0.0%
SFR6                 0      0       0       7        0.0%
BANK1               50      0       0       8        0.0%
BITSFR7              0      0       0       8        0.0%
SFR7                 0      0       0       8        0.0%
BITBANK2            50      0       0       9        0.0%
BITSFR8              0      0       0       9        0.0%
SFR8                 0      0       0       9        0.0%
BANK2               50      0       0      10        0.0%
BITSFR9              0      0       0      10        0.0%
SFR9                 0      0       0      10        0.0%
BITBANK3            50      0       0      11        0.0%
BITSFR10             0      0       0      11        0.0%
SFR10                0      0       0      11        0.0%
BANK3               50      0       0      12        0.0%
BITSFR11             0      0       0      12        0.0%
SFR11                0      0       0      12        0.0%
BITBANK4            50      0       0      13        0.0%
BITSFR12             0      0       0      13        0.0%
SFR12                0      0       0      13        0.0%
BANK4               50      0       0      14        0.0%
BITSFR13             0      0       0      14        0.0%
SFR13                0      0       0      14        0.0%
BITBANK5            50      0       0      15        0.0%
BITSFR14             0      0       0      15        0.0%
SFR14                0      0       0      15        0.0%
BANK5               50      0       0      16        0.0%
BITSFR15             0      0       0      16        0.0%
SFR15                0      0       0      16        0.0%
BITBANK6            50      0       0      17        0.0%
BITSFR16             0      0       0      17        0.0%
SFR16                0      0       0      17        0.0%
BANK6               50      0       0      18        0.0%
BITSFR17             0      0       0      18        0.0%
SFR17                0      0       0      18        0.0%
BITBANK7            50      0       0      19        0.0%
BITSFR18             0      0       0      19        0.0%
SFR18                0      0       0      19        0.0%
BANK7               50      0       0      20        0.0%
BITSFR19             0      0       0      20        0.0%
SFR19                0      0       0      20        0.0%
BITBANK8            50      0       0      21        0.0%
BITSFR20             0      0       0      21        0.0%
SFR20                0      0       0      21        0.0%
BANK8               50      0       0      22        0.0%
BITSFR21             0      0       0      22        0.0%
SFR21                0      0       0      22        0.0%
BITBANK9            50      0       0      23        0.0%
BITSFR22             0      0       0      23        0.0%
SFR22                0      0       0      23        0.0%
BANK9               50      0       0      24        0.0%
BITSFR23             0      0       0      24        0.0%
SFR23                0      0       0      24        0.0%
BITBANK10           50      0       0      25        0.0%
BITSFR24             0      0       0      25        0.0%
SFR24                0      0       0      25        0.0%
BANK10              50      0       0      26        0.0%
BITSFR25             0      0       0      26        0.0%
SFR25                0      0       0      26        0.0%
BITBANK11           50      0       0      27        0.0%
BITSFR26             0      0       0      27        0.0%
SFR26                0      0       0      27        0.0%
BANK11              50      0       0      28        0.0%
BITSFR27             0      0       0      28        0.0%
SFR27                0      0       0      28        0.0%
BITBANK12           50      0       0      29        0.0%
BITSFR28             0      0       0      29        0.0%
SFR28                0      0       0      29        0.0%
BANK12              50      0       0      30        0.0%
BITSFR29             0      0       0      30        0.0%
SFR29                0      0       0      30        0.0%
BITBANK13           50      0       0      31        0.0%
BITSFR30             0      0       0      31        0.0%
SFR30                0      0       0      31        0.0%
BANK13              50      0       0      32        0.0%
BITSFR31             0      0       0      32        0.0%
SFR31                0      0       0      32        0.0%
BITBANK14           50      0       0      33        0.0%
BITSFR32             0      0       0      33        0.0%
SFR32                0      0       0      33        0.0%
BANK14              50      0       0      34        0.0%
BITSFR33             0      0       0      34        0.0%
SFR33                0      0       0      34        0.0%
BITBANK15           50      0       0      35        0.0%
BITSFR34             0      0       0      35        0.0%
SFR34                0      0       0      35        0.0%
BANK15              50      0       0      36        0.0%
BITSFR35             0      0       0      36        0.0%
SFR35                0      0       0      36        0.0%
BITBANK16           50      0       0      37        0.0%
BITSFR36             0      0       0      37        0.0%
SFR36                0      0       0      37        0.0%
BANK16              50      0       0      38        0.0%
BITSFR37             0      0       0      38        0.0%
SFR37                0      0       0      38        0.0%
BITBANK17           50      0       0      39        0.0%
BITSFR38             0      0       0      39        0.0%
SFR38                0      0       0      39        0.0%
BANK17              50      0       0      40        0.0%
BITSFR39             0      0       0      40        0.0%
SFR39                0      0       0      40        0.0%
BITBANK18           50      0       0      41        0.0%
BITSFR40             0      0       0      41        0.0%
SFR40                0      0       0      41        0.0%
BANK18              50      0       0      42        0.0%
BITSFR41             0      0       0      42        0.0%
SFR41                0      0       0      42        0.0%
BITBANK19           50      0       0      43        0.0%
BITSFR42             0      0       0      43        0.0%
SFR42                0      0       0      43        0.0%
BANK19              50      0       0      44        0.0%
BITSFR43             0      0       0      44        0.0%
SFR43                0      0       0      44        0.0%
BITBANK20           50      0       0      45        0.0%
BITSFR44             0      0       0      45        0.0%
SFR44                0      0       0      45        0.0%
BANK20              50      0       0      46        0.0%
BITSFR45             0      0       0      46        0.0%
SFR45                0      0       0      46        0.0%
BITBANK21           50      0       0      47        0.0%
BITSFR46             0      0       0      47        0.0%
SFR46                0      0       0      47        0.0%
BANK21              50      0       0      48        0.0%
BITSFR47             0      0       0      48        0.0%
SFR47                0      0       0      48        0.0%
BITBANK22           50      0       0      49        0.0%
BITSFR48             0      0       0      49        0.0%
SFR48                0      0       0      49        0.0%
BANK22              50      0       0      50        0.0%
BITSFR49             0      0       0      50        0.0%
SFR49                0      0       0      50        0.0%
BITBANK23           50      0       0      51        0.0%
BITSFR50             0      0       0      51        0.0%
SFR50                0      0       0      51        0.0%
BANK23              50      0       0      52        0.0%
BITSFR51             0      0       0      52        0.0%
SFR51                0      0       0      52        0.0%
BITBANK24           50      0       0      53        0.0%
BITSFR52             0      0       0      53        0.0%
SFR52                0      0       0      53        0.0%
BANK24              50      0       0      54        0.0%
BITSFR53             0      0       0      54        0.0%
SFR53                0      0       0      54        0.0%
BITBANK25           20      0       0      55        0.0%
BITSFR54             0      0       0      55        0.0%
SFR54                0      0       0      55        0.0%
BANK25              20      0       0      56        0.0%
BITSFR55             0      0       0      56        0.0%
SFR55                0      0       0      56        0.0%
BITSFR56             0      0       0      57        0.0%
SFR56                0      0       0      57        0.0%
DATA                 0      0       0      57        0.0%
BITSFR57             0      0       0      58        0.0%
SFR57                0      0       0      58        0.0%
BITSFR58             0      0       0      59        0.0%
SFR58                0      0       0      59        0.0%
BITSFR59             0      0       0      60        0.0%
SFR59                0      0       0      60        0.0%
BITSFR60             0      0       0      61        0.0%
SFR60                0      0       0      61        0.0%
BITSFR61             0      0       0      62        0.0%
SFR61                0      0       0      62        0.0%
BITSFR62             0      0       0      63        0.0%
SFR62                0      0       0      63        0.0%
BITSFR63             0      0       0      64        0.0%
SFR63                0      0       0      64        0.0%


Microchip Technology PIC Macro Assembler V2.20 build 20200408173844 
Symbol Table                                                                                   Fri Jun 26 15:38:14 2020

                      l9 07FB                       l12 07C7                       u20 07FB  
                     u21 07FA                       u25 07F7                      l650 07BD  
                    l652 07BD                      l660 07CD                      l654 07C3  
                    l662 07CD                      l672 07E3                      l664 07DD  
                    l674 07EA                      l666 07E1                      l658 07C8  
                    l676 07EE                      _add 07BD                     ?_add 0070  
                   add@a 0070                     add@b 0072                     add@c 0074  
                   _main 07C8                     btemp 007E                     start 0002  
                  ??_add 0074                    ?_main 0076                    main@e 0022  
                  main@f 0026                    main@p 0024                    wtemp0 007E  
        __initialization 07FD             __end_of_main 07FD                   ??_main 007A  
__end_of__initialization 07FD           __pcstackCOMMON 0070               __pmaintext 07C8  
                __ptext1 07BD             __size_of_add 000B     end_of_initialization 07FD  
    start_initialization 07FD              __end_of_add 07C8                ___latbits 0003  
          __pcstackBANK0 0020            __size_of_main 0035                 main@argc 0076  
               main@argv 0078  
